<?xml version="1.0" encoding="UTF-8"?>
<!-- Generated by org.testng.reporters.JUnitReportReporter -->
<testsuite hostname="LAPTOP-E67CF8JB" failures="0" tests="1" name="test.RegisterNewUserTest" time="6.428" errors="0" timestamp="07 May 2023 00:58:13 GMT" skipped="0">
  <testcase classname="test.RegisterNewUserTest" name="verifynewUserRegistration" time="6.428"/>
</testsuite> <!-- test.RegisterNewUserTest -->
